2022-06-03  9:57:45 0 [Note] mysqld (server 10.6.7-MariaDB) starting as process 20199 ...
2022-06-03  9:57:45 0 [Note] InnoDB: Compressed tables use zlib 1.2.12
2022-06-03  9:57:45 0 [Note] InnoDB: Number of pools: 1
2022-06-03  9:57:45 0 [Note] InnoDB: Using generic crc32 instructions
2022-06-03  9:57:45 0 [Note] InnoDB: Initializing buffer pool, total size = 134217728, chunk size = 134217728
2022-06-03  9:57:45 0 [Note] InnoDB: Completed initialization of buffer pool
2022-06-03  9:57:45 0 [Note] InnoDB: Starting crash recovery from checkpoint LSN=42331,42331
2022-06-03  9:57:45 0 [Note] InnoDB: 128 rollback segments are active.
2022-06-03  9:57:45 0 [Note] InnoDB: Removed temporary tablespace data file: "./ibtmp1"
2022-06-03  9:57:45 0 [Note] InnoDB: Creating shared tablespace for temporary tables
2022-06-03  9:57:45 0 [Note] InnoDB: Setting file './ibtmp1' size to 12 MB. Physically writing the file full; Please wait ...
2022-06-03  9:57:45 0 [Note] InnoDB: File './ibtmp1' size is now 12 MB.
2022-06-03  9:57:45 0 [Note] InnoDB: 10.6.7 started; log sequence number 42343; transaction id 14
2022-06-03  9:57:45 0 [Note] InnoDB: Loading buffer pool(s) from /data/data/com.termux/files/usr/var/lib/mysql/ib_buffer_pool
2022-06-03  9:57:45 0 [Note] Plugin 'FEEDBACK' is disabled.
2022-06-03  9:57:45 0 [Note] Server socket created on IP: '::'.
2022-06-03  9:57:45 0 [Note] Server socket created on IP: '0.0.0.0'.
2022-06-03  9:57:45 0 [Note] InnoDB: Buffer pool(s) load completed at 220603  9:57:45
2022-06-03  9:57:45 0 [Note] mysqld: ready for connections.
Version: '10.6.7-MariaDB'  socket: '/data/data/com.termux/files/usr/var/run/mysqld.sock'  port: 3306  MariaDB Server
